LISTING FOR LOGIC DESCRIPTION FILE: DISPACHERDOOR.pld                Page 1

CUPL(WM): Universal Compiler for Programmable Logic
Version 5.0a Serial# 60008009
Copyright (c) 1983, 1998 Logical Devices, Inc.
Created Thu Jun 07 10:59:13 2018

  1:Name     DispacherDoor ;
  2:PartNo   00 ;
  3:Date     03/05/2018 ;
  4:Revision 01 ;
  5:Designer Engineer ;
  6:Company  CCISEL ;
  7:Assembly None ;
  8:Location  ;
  9:Device   v750c ;
 10:
 11:/* *************** INPUT PINS *********************/
 12:PIN    1 =  MCLK                       ; /*                                 */ 
 13:PIN    2 =  Dval                       ; /*                                 */ 
 14:PIN   [3,4] = [Din0,Din1]            ; /*                                 */ 
 15:PIN    5 = Sclose;
 16:PIN    6 = Sopen;
 17:PIN    7 = Psensor;     
 18:
 19:/* *************** OUTPUT PINS *********************/
 20:PIN     14=Wrd                         ; /*                                 */ 
 21:PIN     15=Wrl                         ; /*                                 */ 
 22:PIN     16=DispDone                        ; /*                                 */ 
 23:PIN     17=DoorDone                             ; 
 24:PIN     18 = OpennClose                 ;
 25:PIN   19 = On                           ;
 26:PIN   [20,21,22] = [C0,C1,C2]           ;
 27:PINNODE     [25,26,27]=[D0,D1,D2]             ;
 28:
 29:
 30:[D0..2].ck= MCLK ;
 31:[D0..2].ar= 'b'0;
 32:[D0..2].sp= 'b'0;
 33:
 34:Sequence [D0..2] {
 35:Present 0
 36:        if Dval & Din0 next 1; 
 37:        if Dval & !Din0 next 2; 
 38:        default next 0;
 39:Present 1
 40:        out Wrl;
 41:        default next 4;
 42:Present 2
 43:        out Wrd;
 44:        if Finish next 3;
 45:        default next 2;
 46:Present 3
 47:        if !Finish next 4;
 48:        default next 3;
 49:Present 4
 50:        out DispDone;
 51:        if !Dval next 0;
 52:        default next 3; 
 53:}

LISTING FOR LOGIC DESCRIPTION FILE: DISPACHERDOOR.pld                Page 2

CUPL(WM): Universal Compiler for Programmable Logic
Version 5.0a Serial# 60008009
Copyright (c) 1983, 1998 Logical Devices, Inc.
Created Thu Jun 07 10:59:13 2018

 54:
 55:Wr=Wrd;
 56:Finish=DoorDone;
 57:
 58:[C0..2].ck= !MCLK ;
 59:[C0..2].ar= 'b'0;
 60:[C0..2].sp= 'b'0;
 61:
 62:Sequence [C0..2] {
 63:Present 0
 64:        if Wr & Din1 next 1; 
 65:        if Wr & !Din1 next 2; 
 66:        default next 0;
 67:Present 1
 68:        out On,OpennClose;
 69:        if Sopen next 4;
 70:        default next 1;
 71:Present 2
 72:        out On;
 73:        if Sclose next 4;
 74:        if !Sclose & Psensor next 3;
 75:        default next 2; 
 76:
 77:Present 3
 78:        out On,OpennClose;
 79:        if Sopen next 2;
 80:        default next 3;
 81:
 82:Present 4
 83:        out DoorDone;
 84:        if !Wr next 0;
 85:        default next 4;
 86:}
 87:
 88:
 89:
 90:



Jedec Fuse Checksum       (9921)
Jedec Transmit Checksum   (1e85)
